Build started 2/3/2016 12:25:20 PM.
     1>Project "C:\Users\hougen\Documents\Visual Studio 2015\Projects\fft\fft\fft.vcxproj" on node 2 (Build target(s)).
     1>ClCompile:
         C:\Program Files (x86)\Microsoft Visual Studio 14.0\VC\bin\x86_amd64\CL.exe /c /Zi /nologo /W3 /WX- /sdl /O2 /Oi /GL /D NDEBUG /D _CONSOLE /D _UNICODE /D UNICODE /Gm- /EHsc /MD /GS /Gy /fp:precise /Zc:wchar_t /Zc:forScope /Zc:inline /Yu"stdafx.h" /Fp"x64\Release\fft.pch" /Fo"x64\Release\\" /Fd"x64\Release\vc140.pdb" /Gd /TP /errorReport:prompt fft.cpp
         fft.cpp
     1>fft.cpp(48): warning C4244: '=': conversion from 'double' to 'unsigned short', possible loss of data
     1>fft.cpp(52): warning C4244: '=': conversion from 'double' to 'unsigned short', possible loss of data
     1>fft.cpp(88): warning C4101: 'k': unreferenced local variable
     1>fft.cpp(380): warning C4244: '=': conversion from 'double' to 'unsigned short', possible loss of data
     1>fft.cpp(381): warning C4244: '=': conversion from 'double' to 'unsigned short', possible loss of data
     1>fft.cpp(393): warning C4554: '<<': check operator precedence for possible error; use parentheses to clarify precedence
       Link:
         C:\Program Files (x86)\Microsoft Visual Studio 14.0\VC\bin\x86_amd64\link.exe /ERRORREPORT:PROMPT /OUT:"C:\Users\hougen\Documents\Visual Studio 2015\Projects\fft\x64\Release\fft.exe" /INCREMENTAL:NO /NOLOGO kernel32.lib user32.lib gdi32.lib winspool.lib comdlg32.lib advapi32.lib shell32.lib ole32.lib oleaut32.lib uuid.lib odbc32.lib odbccp32.lib /MANIFEST /MANIFESTUAC:"level='asInvoker' uiAccess='false'" /manifest:embed /Debug /PDB:"C:\Users\hougen\Documents\Visual Studio 2015\Projects\fft\x64\Release\fft.pdb" /SUBSYSTEM:CONSOLE /OPT:REF /OPT:ICF /LTCG:incremental /TLBID:1 /DYNAMICBASE /NXCOMPAT /IMPLIB:"C:\Users\hougen\Documents\Visual Studio 2015\Projects\fft\x64\Release\fft.lib" /MACHINE:X64 x64\Release\fft.obj
         x64\Release\stdafx.obj
         Generating code
         1 of 10 functions (10.0%) were compiled, the rest were copied from previous compilation.
           0 functions were new in current compilation
           0 functions had inline decision re-evaluated but remain unchanged
         Finished generating code
         fft.vcxproj -> C:\Users\hougen\Documents\Visual Studio 2015\Projects\fft\x64\Release\fft.exe
     1>Done Building Project "C:\Users\hougen\Documents\Visual Studio 2015\Projects\fft\fft\fft.vcxproj" (Build target(s)).

Build succeeded.

Time Elapsed 00:00:00.44
